<?xml version="1.0" encoding="UTF-8"?>
<coverage generated="1671553612136" clover="3.2.0">
  <project timestamp="1671553612136" name="All files">
    <metrics statements="7" coveredstatements="7" conditionals="4" coveredconditionals="4" methods="1" coveredmethods="1" elements="12" coveredelements="12" complexity="0" loc="7" ncloc="7" packages="1" files="1" classes="1"/>
    <file name="printMessage.js" path="/home/wladyr/trybe-exercicios/fundamentos/secao-7-introducao-js-es6-testes-unitarios/dia-3-matchers-e-cobertura-de-codigo/exercicios-dia-3/printMessage.js">
      <metrics statements="7" coveredstatements="7" conditionals="4" coveredconditionals="4" methods="1" coveredmethods="1"/>
      <line num="2" count="1" type="stmt"/>
      <line num="8" count="1" type="stmt"/>
      <line num="9" count="5" type="cond" truecount="4" falsecount="0"/>
      <line num="10" count="2" type="stmt"/>
      <line num="12" count="3" type="stmt"/>
      <line num="15" count="1" type="stmt"/>
      <line num="17" count="1" type="stmt"/>
    </file>
  </project>
</coverage>
