{"/home/wladyr/trybe-exercicios/fundamentos/secao-7-introducao-js-es6-testes-unitarios/dia-3-matchers-e-cobertura-de-codigo/exercicios-dia-3/printMessage.js": {"path":"/home/wladyr/trybe-exercicios/fundamentos/secao-7-introducao-js-es6-testes-unitarios/dia-3-matchers-e-cobertura-de-codigo/exercicios-dia-3/printMessage.js","statementMap":{"0":{"start":{"line":2,"column":11},"end":{"line":6,"column":3}},"1":{"start":{"line":8,"column":23},"end":{"line":13,"column":3}},"2":{"start":{"line":9,"column":4},"end":{"line":11,"column":5}},"3":{"start":{"line":10,"column":6},"end":{"line":10,"column":40}},"4":{"start":{"line":12,"column":4},"end":{"line":12,"column":56}},"5":{"start":{"line":15,"column":2},"end":{"line":15,"column":34}},"6":{"start":{"line":17,"column":2},"end":{"line":17,"column":42}}},"fnMap":{"0":{"name":"(anonymous_0)","decl":{"start":{"line":8,"column":23},"end":{"line":8,"column":24}},"loc":{"start":{"line":8,"column":42},"end":{"line":13,"column":3}},"line":8}},"branchMap":{"0":{"loc":{"start":{"line":9,"column":4},"end":{"line":11,"column":5}},"type":"if","locations":[{"start":{"line":9,"column":4},"end":{"line":11,"column":5}},{"start":{},"end":{}}],"line":9},"1":{"loc":{"start":{"line":9,"column":8},"end":{"line":9,"column":83}},"type":"binary-expr","locations":[{"start":{"line":9,"column":8},"end":{"line":9,"column":41}},{"start":{"line":9,"column":45},"end":{"line":9,"column":83}}],"line":9}},"s":{"0":1,"1":1,"2":5,"3":2,"4":3,"5":1,"6":1},"f":{"0":5},"b":{"0":[2,3],"1":[5,5]},"_coverageSchema":"1a1c01bbd47fc00a2c39e90264f33305004495a9","hash":"9800bf66e0a1af48b2fb1aec45c82e632b53ee29"}
}
