{"/home/wladyr/trybe-exercicios/fundamentos/secao-7-introducao-js-es6-testes-unitarios/dia-3-matchers-e-cobertura-de-codigo/exercicios-bonus-dia-3/searchEmployee.js": {"path":"/home/wladyr/trybe-exercicios/fundamentos/secao-7-introducao-js-es6-testes-unitarios/dia-3-matchers-e-cobertura-de-codigo/exercicios-bonus-dia-3/searchEmployee.js","statementMap":{"0":{"start":{"line":2,"column":26},"end":{"line":39,"column":3}},"1":{"start":{"line":42,"column":23},"end":{"line":60,"column":1}},"2":{"start":{"line":43,"column":19},"end":{"line":43,"column":21}},"3":{"start":{"line":44,"column":2},"end":{"line":49,"column":3}},"4":{"start":{"line":45,"column":27},"end":{"line":45,"column":51}},"5":{"start":{"line":46,"column":4},"end":{"line":48,"column":5}},"6":{"start":{"line":47,"column":6},"end":{"line":47,"column":33}},"7":{"start":{"line":51,"column":2},"end":{"line":53,"column":3}},"8":{"start":{"line":52,"column":4},"end":{"line":52,"column":43}},"9":{"start":{"line":55,"column":2},"end":{"line":57,"column":3}},"10":{"start":{"line":56,"column":4},"end":{"line":56,"column":47}},"11":{"start":{"line":59,"column":2},"end":{"line":59,"column":26}},"12":{"start":{"line":62,"column":0},"end":{"line":62,"column":55}}},"fnMap":{"0":{"name":"(anonymous_0)","decl":{"start":{"line":42,"column":23},"end":{"line":42,"column":24}},"loc":{"start":{"line":42,"column":39},"end":{"line":60,"column":1}},"line":42}},"branchMap":{"0":{"loc":{"start":{"line":46,"column":4},"end":{"line":48,"column":5}},"type":"if","locations":[{"start":{"line":46,"column":4},"end":{"line":48,"column":5}},{"start":{},"end":{}}],"line":46},"1":{"loc":{"start":{"line":51,"column":2},"end":{"line":53,"column":3}},"type":"if","locations":[{"start":{"line":51,"column":2},"end":{"line":53,"column":3}},{"start":{},"end":{}}],"line":51},"2":{"loc":{"start":{"line":55,"column":2},"end":{"line":57,"column":3}},"type":"if","locations":[{"start":{"line":55,"column":2},"end":{"line":57,"column":3}},{"start":{},"end":{}}],"line":55}},"s":{"0":1,"1":1,"2":7,"3":7,"4":42,"5":42,"6":5,"7":7,"8":2,"9":5,"10":2,"11":3,"12":1},"f":{"0":7},"b":{"0":[5,37],"1":[2,5],"2":[2,3]},"_coverageSchema":"1a1c01bbd47fc00a2c39e90264f33305004495a9","hash":"766637631dca3bae8dafc538a1a6c586f0859dbf"}
}
