{"/home/wladyr/trybe-exercicios/fundamentos/secao-7-introducao-js-es6-testes-unitarios/dia-2-primeiros-passos-em-jest/encodeDecode.js": {"path":"/home/wladyr/trybe-exercicios/fundamentos/secao-7-introducao-js-es6-testes-unitarios/dia-2-primeiros-passos-em-jest/encodeDecode.js","statementMap":{"0":{"start":{"line":1,"column":18},"end":{"line":15,"column":3}},"1":{"start":{"line":2,"column":24},"end":{"line":2,"column":40}},"2":{"start":{"line":3,"column":24},"end":{"line":3,"column":26}},"3":{"start":{"line":4,"column":4},"end":{"line":13,"column":5}},"4":{"start":{"line":4,"column":21},"end":{"line":4,"column":22}},"5":{"start":{"line":5,"column":24},"end":{"line":5,"column":42}},"6":{"start":{"line":6,"column":26},"end":{"line":6,"column":46}},"7":{"start":{"line":8,"column":6},"end":{"line":12,"column":7}},"8":{"start":{"line":9,"column":8},"end":{"line":9,"column":38}},"9":{"start":{"line":11,"column":8},"end":{"line":11,"column":36}},"10":{"start":{"line":14,"column":4},"end":{"line":14,"column":32}},"11":{"start":{"line":16,"column":17},"end":{"line":25,"column":3}},"12":{"start":{"line":17,"column":16},"end":{"line":23,"column":5}},"13":{"start":{"line":24,"column":4},"end":{"line":24,"column":34}},"14":{"start":{"line":26,"column":17},"end":{"line":35,"column":3}},"15":{"start":{"line":27,"column":16},"end":{"line":33,"column":5}},"16":{"start":{"line":34,"column":4},"end":{"line":34,"column":34}},"17":{"start":{"line":37,"column":2},"end":{"line":37,"column":47}}},"fnMap":{"0":{"name":"(anonymous_0)","decl":{"start":{"line":1,"column":18},"end":{"line":1,"column":19}},"loc":{"start":{"line":1,"column":41},"end":{"line":15,"column":3}},"line":1},"1":{"name":"(anonymous_1)","decl":{"start":{"line":16,"column":17},"end":{"line":16,"column":18}},"loc":{"start":{"line":16,"column":29},"end":{"line":25,"column":3}},"line":16},"2":{"name":"(anonymous_2)","decl":{"start":{"line":26,"column":17},"end":{"line":26,"column":18}},"loc":{"start":{"line":26,"column":29},"end":{"line":35,"column":3}},"line":26}},"branchMap":{"0":{"loc":{"start":{"line":8,"column":6},"end":{"line":12,"column":7}},"type":"if","locations":[{"start":{"line":8,"column":6},"end":{"line":12,"column":7}},{"start":{"line":10,"column":13},"end":{"line":12,"column":7}}],"line":8}},"s":{"0":1,"1":6,"2":6,"3":6,"4":6,"5":32,"6":32,"7":32,"8":12,"9":20,"10":6,"11":1,"12":3,"13":3,"14":1,"15":3,"16":3,"17":1},"f":{"0":6,"1":3,"2":3},"b":{"0":[12,20]},"_coverageSchema":"1a1c01bbd47fc00a2c39e90264f33305004495a9","hash":"9ebe9af64cb6a323ea94abf626ba3b2a04a92769"}
,"/home/wladyr/trybe-exercicios/fundamentos/secao-7-introducao-js-es6-testes-unitarios/dia-2-primeiros-passos-em-jest/hydrate.js": {"path":"/home/wladyr/trybe-exercicios/fundamentos/secao-7-introducao-js-es6-testes-unitarios/dia-2-primeiros-passos-em-jest/hydrate.js","statementMap":{"0":{"start":{"line":1,"column":16},"end":{"line":20,"column":1}},"1":{"start":{"line":2,"column":24},"end":{"line":2,"column":40}},"2":{"start":{"line":3,"column":21},"end":{"line":3,"column":22}},"3":{"start":{"line":5,"column":2},"end":{"line":11,"column":3}},"4":{"start":{"line":6,"column":28},"end":{"line":6,"column":58}},"5":{"start":{"line":8,"column":4},"end":{"line":10,"column":5}},"6":{"start":{"line":9,"column":6},"end":{"line":9,"column":38}},"7":{"start":{"line":13,"column":14},"end":{"line":13,"column":20}},"8":{"start":{"line":15,"column":2},"end":{"line":17,"column":3}},"9":{"start":{"line":16,"column":4},"end":{"line":16,"column":20}},"10":{"start":{"line":19,"column":2},"end":{"line":19,"column":44}},"11":{"start":{"line":23,"column":0},"end":{"line":23,"column":25}}},"fnMap":{"0":{"name":"(anonymous_0)","decl":{"start":{"line":1,"column":16},"end":{"line":1,"column":17}},"loc":{"start":{"line":1,"column":28},"end":{"line":20,"column":1}},"line":1}},"branchMap":{"0":{"loc":{"start":{"line":8,"column":4},"end":{"line":10,"column":5}},"type":"if","locations":[{"start":{"line":8,"column":4},"end":{"line":10,"column":5}},{"start":{},"end":{}}],"line":8},"1":{"loc":{"start":{"line":15,"column":2},"end":{"line":17,"column":3}},"type":"if","locations":[{"start":{"line":15,"column":2},"end":{"line":17,"column":3}},{"start":{},"end":{}}],"line":15}},"s":{"0":1,"1":5,"2":5,"3":5,"4":162,"5":162,"6":12,"7":5,"8":5,"9":4,"10":5,"11":1},"f":{"0":5},"b":{"0":[12,150],"1":[4,1]},"_coverageSchema":"1a1c01bbd47fc00a2c39e90264f33305004495a9","hash":"9c1c125a819b08516d9adcc5cf846cb6b4b18fdf"}
,"/home/wladyr/trybe-exercicios/fundamentos/secao-7-introducao-js-es6-testes-unitarios/dia-2-primeiros-passos-em-jest/myFizzBuzz.js": {"path":"/home/wladyr/trybe-exercicios/fundamentos/secao-7-introducao-js-es6-testes-unitarios/dia-2-primeiros-passos-em-jest/myFizzBuzz.js","statementMap":{"0":{"start":{"line":2,"column":4},"end":{"line":2,"column":46}},"1":{"start":{"line":2,"column":33},"end":{"line":2,"column":46}},"2":{"start":{"line":3,"column":4},"end":{"line":3,"column":58}},"3":{"start":{"line":3,"column":40},"end":{"line":3,"column":58}},"4":{"start":{"line":4,"column":4},"end":{"line":4,"column":37}},"5":{"start":{"line":4,"column":23},"end":{"line":4,"column":37}},"6":{"start":{"line":5,"column":4},"end":{"line":5,"column":37}},"7":{"start":{"line":5,"column":23},"end":{"line":5,"column":37}},"8":{"start":{"line":6,"column":4},"end":{"line":6,"column":15}},"9":{"start":{"line":8,"column":2},"end":{"line":8,"column":30}}},"fnMap":{"0":{"name":"myFizzBuzz","decl":{"start":{"line":1,"column":9},"end":{"line":1,"column":19}},"loc":{"start":{"line":1,"column":25},"end":{"line":7,"column":3}},"line":1}},"branchMap":{"0":{"loc":{"start":{"line":2,"column":4},"end":{"line":2,"column":46}},"type":"if","locations":[{"start":{"line":2,"column":4},"end":{"line":2,"column":46}},{"start":{},"end":{}}],"line":2},"1":{"loc":{"start":{"line":3,"column":4},"end":{"line":3,"column":58}},"type":"if","locations":[{"start":{"line":3,"column":4},"end":{"line":3,"column":58}},{"start":{},"end":{}}],"line":3},"2":{"loc":{"start":{"line":3,"column":8},"end":{"line":3,"column":38}},"type":"binary-expr","locations":[{"start":{"line":3,"column":8},"end":{"line":3,"column":21}},{"start":{"line":3,"column":25},"end":{"line":3,"column":38}}],"line":3},"3":{"loc":{"start":{"line":4,"column":4},"end":{"line":4,"column":37}},"type":"if","locations":[{"start":{"line":4,"column":4},"end":{"line":4,"column":37}},{"start":{},"end":{}}],"line":4},"4":{"loc":{"start":{"line":5,"column":4},"end":{"line":5,"column":37}},"type":"if","locations":[{"start":{"line":5,"column":4},"end":{"line":5,"column":37}},{"start":{},"end":{}}],"line":5}},"s":{"0":5,"1":1,"2":4,"3":1,"4":3,"5":1,"6":2,"7":1,"8":1,"9":1},"f":{"0":5},"b":{"0":[1,4],"1":[1,3],"2":[4,2],"3":[1,2],"4":[1,1]},"_coverageSchema":"1a1c01bbd47fc00a2c39e90264f33305004495a9","hash":"ca984bda062c97e9cbca25279f2b3664a9a6a0be"}
,"/home/wladyr/trybe-exercicios/fundamentos/secao-7-introducao-js-es6-testes-unitarios/dia-2-primeiros-passos-em-jest/myRemove.js": {"path":"/home/wladyr/trybe-exercicios/fundamentos/secao-7-introducao-js-es6-testes-unitarios/dia-2-primeiros-passos-em-jest/myRemove.js","statementMap":{"0":{"start":{"line":2,"column":15},"end":{"line":2,"column":17}},"1":{"start":{"line":3,"column":4},"end":{"line":7,"column":5}},"2":{"start":{"line":3,"column":21},"end":{"line":3,"column":22}},"3":{"start":{"line":4,"column":6},"end":{"line":6,"column":7}},"4":{"start":{"line":5,"column":8},"end":{"line":5,"column":32}},"5":{"start":{"line":8,"column":4},"end":{"line":8,"column":18}},"6":{"start":{"line":11,"column":2},"end":{"line":11,"column":28}}},"fnMap":{"0":{"name":"myRemove","decl":{"start":{"line":1,"column":9},"end":{"line":1,"column":17}},"loc":{"start":{"line":1,"column":29},"end":{"line":9,"column":3}},"line":1}},"branchMap":{"0":{"loc":{"start":{"line":4,"column":6},"end":{"line":6,"column":7}},"type":"if","locations":[{"start":{"line":4,"column":6},"end":{"line":6,"column":7}},{"start":{},"end":{}}],"line":4}},"s":{"0":3,"1":3,"2":3,"3":12,"4":10,"5":3,"6":1},"f":{"0":3},"b":{"0":[10,2]},"_coverageSchema":"1a1c01bbd47fc00a2c39e90264f33305004495a9","hash":"a4373ded904ef8e335db8811c1c88277a570ad08"}
,"/home/wladyr/trybe-exercicios/fundamentos/secao-7-introducao-js-es6-testes-unitarios/dia-2-primeiros-passos-em-jest/techList.js": {"path":"/home/wladyr/trybe-exercicios/fundamentos/secao-7-introducao-js-es6-testes-unitarios/dia-2-primeiros-passos-em-jest/techList.js","statementMap":{"0":{"start":{"line":1,"column":17},"end":{"line":9,"column":1}},"1":{"start":{"line":2,"column":2},"end":{"line":2,"column":54}},"2":{"start":{"line":2,"column":38},"end":{"line":2,"column":54}},"3":{"start":{"line":3,"column":28},"end":{"line":3,"column":52}},"4":{"start":{"line":4,"column":27},"end":{"line":4,"column":29}},"5":{"start":{"line":5,"column":2},"end":{"line":7,"column":3}},"6":{"start":{"line":6,"column":4},"end":{"line":6,"column":67}},"7":{"start":{"line":8,"column":2},"end":{"line":8,"column":26}},"8":{"start":{"line":11,"column":0},"end":{"line":11,"column":26}}},"fnMap":{"0":{"name":"(anonymous_0)","decl":{"start":{"line":1,"column":17},"end":{"line":1,"column":18}},"loc":{"start":{"line":1,"column":46},"end":{"line":9,"column":1}},"line":1}},"branchMap":{"0":{"loc":{"start":{"line":2,"column":2},"end":{"line":2,"column":54}},"type":"if","locations":[{"start":{"line":2,"column":2},"end":{"line":2,"column":54}},{"start":{},"end":{}}],"line":2}},"s":{"0":1,"1":2,"2":1,"3":1,"4":1,"5":1,"6":5,"7":1,"8":1},"f":{"0":2},"b":{"0":[1,1]},"_coverageSchema":"1a1c01bbd47fc00a2c39e90264f33305004495a9","hash":"37fbcdc36db0b122b7570c32534a24a031e6b32a"}
}
