TN:
SF:encodeDecode.js
FN:1,(anonymous_0)
FN:16,(anonymous_1)
FN:26,(anonymous_2)
FNF:3
FNH:3
FNDA:6,(anonymous_0)
FNDA:3,(anonymous_1)
FNDA:3,(anonymous_2)
DA:1,1
DA:2,6
DA:3,6
DA:4,6
DA:5,32
DA:6,32
DA:8,32
DA:9,12
DA:11,20
DA:14,6
DA:16,1
DA:17,3
DA:24,3
DA:26,1
DA:27,3
DA:34,3
DA:37,1
LF:17
LH:17
BRDA:8,0,0,12
BRDA:8,0,1,20
BRF:2
BRH:2
end_of_record
TN:
SF:hydrate.js
FN:1,(anonymous_0)
FNF:1
FNH:1
FNDA:5,(anonymous_0)
DA:1,1
DA:2,5
DA:3,5
DA:5,5
DA:6,162
DA:8,162
DA:9,12
DA:13,5
DA:15,5
DA:16,4
DA:19,5
DA:23,1
LF:12
LH:12
BRDA:8,0,0,12
BRDA:8,0,1,150
BRDA:15,1,0,4
BRDA:15,1,1,1
BRF:4
BRH:4
end_of_record
TN:
SF:myFizzBuzz.js
FN:1,myFizzBuzz
FNF:1
FNH:1
FNDA:5,myFizzBuzz
DA:2,5
DA:3,4
DA:4,3
DA:5,2
DA:6,1
DA:8,1
LF:6
LH:6
BRDA:2,0,0,1
BRDA:2,0,1,4
BRDA:3,1,0,1
BRDA:3,1,1,3
BRDA:3,2,0,4
BRDA:3,2,1,2
BRDA:4,3,0,1
BRDA:4,3,1,2
BRDA:5,4,0,1
BRDA:5,4,1,1
BRF:10
BRH:10
end_of_record
TN:
SF:myRemove.js
FN:1,myRemove
FNF:1
FNH:1
FNDA:3,myRemove
DA:2,3
DA:3,3
DA:4,12
DA:5,10
DA:8,3
DA:11,1
LF:6
LH:6
BRDA:4,0,0,10
BRDA:4,0,1,2
BRF:2
BRH:2
end_of_record
TN:
SF:techList.js
FN:1,(anonymous_0)
FNF:1
FNH:1
FNDA:2,(anonymous_0)
DA:1,1
DA:2,2
DA:3,1
DA:4,1
DA:5,1
DA:6,5
DA:8,1
DA:11,1
LF:8
LH:8
BRDA:2,0,0,1
BRDA:2,0,1,1
BRF:2
BRH:2
end_of_record
